2025-07-31 11:29:09,836 - TapatanOrchestrator - INFO - Iniciando orquestrador Tapatan...
2025-07-31 11:29:09,837 - TapatanOrchestrator - ERROR - Erro ao inicializar robô: RobotService.__init__() got an unexpected keyword argument 'robot_ip'
2025-07-31 11:31:13,509 - TapatanOrchestrator - INFO - Iniciando orquestrador Tapatan...
2025-07-31 11:31:13,510 - TapatanOrchestrator - ERROR - Erro ao inicializar robô: 'str' object has no attribute 'ip'
2025-07-31 11:32:46,797 - TapatanOrchestrator - INFO - Iniciando orquestrador Tapatan...
2025-07-31 11:32:46,798 - TapatanOrchestrator - ERROR - Erro ao inicializar robô: 'str' object has no attribute 'ip'
2025-07-31 11:37:28,355 - TapatanOrchestrator - INFO - Iniciando orquestrador Tapatan...
2025-07-31 11:37:28,355 - TapatanOrchestrator - ERROR - Erro ao inicializar robô: 'str' object has no attribute 'ip'
2025-07-31 11:38:28,729 - TapatanOrchestrator - INFO - Iniciando orquestrador Tapatan...
2025-07-31 11:38:28,732 - RobotService - INFO -  Conectando ao robô em 10.1.5.92...
2025-07-31 11:38:29,775 - RobotService - INFO -  Robô conectado com sucesso
2025-07-31 11:38:29,775 - RobotService - INFO -  Modo de segurança: HABILITADO
2025-07-31 11:38:29,775 - RobotService - INFO -  Movendo para posição home
2025-07-31 11:38:40,637 - TapatanOrchestrator - INFO - Robô inicializado e em posição home
2025-07-31 11:38:40,638 - TapatanOrchestrator - INFO - Coordenadas carregadas: 9 posições
2025-07-31 11:38:40,638 - TapatanOrchestrator - ERROR - Erro na inicialização: 'TapatanOrchestrator' object has no attribute 'config'
2025-07-31 11:39:54,596 - TapatanOrchestrator - INFO - Iniciando orquestrador Tapatan...
2025-07-31 11:39:54,600 - RobotService - INFO -  Conectando ao robô em 10.1.5.92...
2025-07-31 11:39:55,470 - RobotService - INFO -  Robô conectado com sucesso
2025-07-31 11:39:55,470 - RobotService - INFO -  Modo de segurança: HABILITADO
2025-07-31 11:39:55,470 - RobotService - INFO -  Movendo para posição home
2025-07-31 11:39:55,470 - RobotService - INFO -  Movimento: ultra_safe
2025-07-31 11:39:56,492 - RobotService - INFO -  Movimento concluído - ultra_safe
2025-07-31 11:39:56,493 - TapatanOrchestrator - INFO - Robô inicializado e em posição home
2025-07-31 11:39:56,493 - TapatanOrchestrator - INFO - Coordenadas carregadas: 9 posições
2025-07-31 11:39:56,493 - TapatanOrchestrator - ERROR - Erro na inicialização: 'TapatanOrchestrator' object has no attribute 'config'
2025-07-31 11:40:09,784 - TapatanOrchestrator - INFO - Iniciando orquestrador Tapatan...
2025-07-31 11:40:09,788 - RobotService - INFO -  Conectando ao robô em 10.1.5.92...
2025-07-31 11:40:10,433 - RobotService - INFO -  Robô conectado com sucesso
2025-07-31 11:40:10,433 - RobotService - INFO -  Modo de segurança: HABILITADO
2025-07-31 11:40:10,433 - RobotService - INFO -  Movendo para posição home
2025-07-31 11:40:10,433 - RobotService - INFO -  Movimento: ultra_safe
2025-07-31 11:40:11,460 - RobotService - INFO -  Movimento concluído - ultra_safe
2025-07-31 11:40:11,460 - TapatanOrchestrator - INFO - Robô inicializado e em posição home
2025-07-31 11:40:11,460 - TapatanOrchestrator - INFO - Coordenadas carregadas: 9 posições
2025-07-31 11:40:11,460 - TapatanOrchestrator - ERROR - Erro na inicialização: 'TapatanOrchestrator' object has no attribute 'config'
2025-07-31 11:40:20,488 - TapatanOrchestrator - INFO - Iniciando orquestrador Tapatan...
2025-07-31 11:40:20,494 - RobotService - INFO -  Conectando ao robô em 10.1.5.92...
2025-07-31 11:40:21,388 - RobotService - INFO -  Robô conectado com sucesso
2025-07-31 11:40:21,388 - RobotService - INFO -  Modo de segurança: HABILITADO
2025-07-31 11:40:21,388 - RobotService - INFO -  Movendo para posição home
2025-07-31 11:40:21,388 - RobotService - INFO -  Movimento: ultra_safe
2025-07-31 11:40:22,410 - RobotService - INFO -  Movimento concluído - ultra_safe
2025-07-31 11:40:22,410 - TapatanOrchestrator - INFO - Robô inicializado e em posição home
2025-07-31 11:40:22,410 - TapatanOrchestrator - INFO - Coordenadas carregadas: 9 posições
2025-07-31 11:40:22,410 - TapatanOrchestrator - ERROR - Erro na inicialização: 'TapatanOrchestrator' object has no attribute 'config'
2025-07-31 11:41:31,004 - TapatanOrchestrator - INFO - Iniciando orquestrador Tapatan...
2025-07-31 11:41:31,006 - RobotService - INFO -  Conectando ao robô em 10.1.5.92...
2025-07-31 11:41:31,773 - RobotService - INFO -  Robô conectado com sucesso
2025-07-31 11:41:31,774 - RobotService - INFO -  Modo de segurança: HABILITADO
2025-07-31 11:41:31,774 - RobotService - INFO -  Movendo para posição home
2025-07-31 11:41:31,774 - RobotService - INFO -  Movimento: ultra_safe
2025-07-31 11:41:32,790 - RobotService - INFO -  Movimento concluído - ultra_safe
2025-07-31 11:41:32,790 - TapatanOrchestrator - INFO - Robô inicializado e em posição home
2025-07-31 11:41:32,791 - TapatanOrchestrator - INFO - Coordenadas carregadas: 9 posições
2025-07-31 11:41:32,791 - TapatanOrchestrator - ERROR - Erro na inicialização: 'TapatanOrchestrator' object has no attribute 'config'
2025-07-31 11:43:28,890 - TapatanOrchestrator - INFO - Iniciando orquestrador Tapatan...
2025-07-31 11:43:28,894 - RobotService - INFO -  Conectando ao robô em 10.1.5.92...
2025-07-31 11:43:30,246 - RobotService - INFO -  Robô conectado com sucesso
2025-07-31 11:43:30,246 - RobotService - INFO -  Modo de segurança: HABILITADO
2025-07-31 11:43:30,246 - RobotService - INFO -  Movendo para posição home
2025-07-31 11:43:30,246 - RobotService - INFO -  Movimento: ultra_safe
2025-07-31 11:43:31,280 - RobotService - INFO -  Movimento concluído - ultra_safe
2025-07-31 11:43:31,280 - TapatanOrchestrator - INFO - Robô inicializado e em posição home
2025-07-31 11:43:31,281 - TapatanOrchestrator - INFO - Coordenadas carregadas: 9 posições
2025-07-31 11:43:31,281 - TapatanOrchestrator - INFO - Iniciando calibração do sistema...
2025-07-31 11:43:31,281 - RobotService - INFO -  Movendo para posição home
2025-07-31 11:43:31,281 - RobotService - INFO -  Movimento: ultra_safe
2025-07-31 11:43:32,300 - RobotService - INFO -  Movimento concluído - ultra_safe
2025-07-31 11:43:32,312 - RobotService - INFO -  Movimento: smart_correction
2025-07-31 11:43:38,662 - RobotService - INFO -  Movimento concluído - smart_correction
2025-07-31 11:43:38,682 - RobotService - INFO -  Movimento: smart_correction
2025-07-31 11:43:43,180 - RobotService - INFO -  Movimento concluído - smart_correction
2025-07-31 11:43:43,188 - RobotService - INFO -  Movimento: smart_correction
2025-07-31 11:43:43,243 - RobotService - ERROR -  Movimento falhou - smart_correction
2025-07-31 11:43:43,243 - TapatanOrchestrator - ERROR - Falha ao testar posição 8
2025-07-31 11:43:43,256 - TapatanOrchestrator - INFO - Orquestrador inicializado com sucesso!
2025-07-31 11:43:53,224 - TapatanOrchestrator - INFO - Iniciando calibração do sistema...
2025-07-31 11:43:53,224 - TapatanOrchestrator - ERROR - Robô não conectado para calibração
2025-07-31 11:44:06,095 - TapatanOrchestrator - INFO - Iniciando calibração do sistema...
2025-07-31 11:44:06,096 - TapatanOrchestrator - ERROR - Robô não conectado para calibração
2025-07-31 11:44:23,118 - TapatanOrchestrator - INFO - Iniciando nova partida de Tapatan...
2025-07-31 11:44:23,118 - RobotService - INFO -  Movendo para posição home
2025-07-31 11:44:23,118 - RobotService - INFO -  Movimento: ultra_safe
2025-07-31 11:44:27,535 - RobotService - INFO -  Movimento concluído - ultra_safe
2025-07-31 11:44:27,535 - TapatanOrchestrator - INFO - Partida iniciada! Aguardando primeiro movimento...
2025-07-31 11:44:29,946 - TapatanOrchestrator - INFO - Executando jogada do robô...
2025-07-31 11:44:29,948 - RobotService - INFO -  Iniciando pick and place AVANÇADO:
2025-07-31 11:44:29,948 - RobotService - INFO -      Origem: 0
2025-07-31 11:44:29,948 - RobotService - INFO -      Destino: 4
2025-07-31 11:44:29,948 - RobotService - INFO -      Validação: complete
2025-07-31 11:44:29,948 - RobotService - ERROR -  Erro durante pick and place: 'int' object has no attribute 'to_list'
2025-07-31 11:44:29,948 - TapatanOrchestrator - ERROR - Falha ao mover peça de 0 para 4
2025-07-31 11:50:23,567 - TapatanOrchestrator - INFO - Finalizando orquestrador...
2025-07-31 11:50:23,567 - TapatanOrchestrator - INFO - Jogo parado
2025-07-31 11:50:23,567 - RobotService - INFO -  Movendo para posição home
2025-07-31 11:50:23,568 - RobotService - INFO -  Movimento: ultra_safe
2025-07-31 11:50:24,589 - RobotService - INFO -  Movimento concluído - ultra_safe
2025-07-31 11:50:25,603 - RobotService - INFO -  Robô desconectado
2025-07-31 11:50:25,603 - TapatanOrchestrator - INFO - Orquestrador finalizado
2025-07-31 11:50:27,699 - TapatanOrchestrator - INFO - Iniciando orquestrador Tapatan...
2025-07-31 11:50:27,704 - RobotService - INFO -  Conectando ao robô em 10.1.5.92...
2025-07-31 11:50:28,428 - RobotService - INFO -  Robô conectado com sucesso
2025-07-31 11:50:28,429 - RobotService - INFO -  Modo de segurança: HABILITADO
2025-07-31 11:50:28,429 - RobotService - INFO -  Movendo para posição home
2025-07-31 11:50:28,429 - RobotService - INFO -  Movimento: ultra_safe
2025-07-31 11:50:29,470 - RobotService - INFO -  Movimento concluído - ultra_safe
2025-07-31 11:50:29,470 - TapatanOrchestrator - INFO - Robô inicializado e em posição home
2025-07-31 11:50:29,471 - TapatanOrchestrator - INFO - Coordenadas carregadas: 9 posições
2025-07-31 11:50:29,471 - TapatanOrchestrator - INFO - Iniciando calibração do sistema...
2025-07-31 11:50:29,472 - RobotService - INFO -  Movendo para posição home
2025-07-31 11:50:29,472 - RobotService - INFO -  Movimento: ultra_safe
2025-07-31 11:50:30,494 - RobotService - INFO -  Movimento concluído - ultra_safe
2025-07-31 11:50:30,507 - RobotService - INFO -  Movimento: smart_correction
2025-07-31 11:50:36,543 - RobotService - INFO -  Movimento concluído - smart_correction
2025-07-31 11:50:36,548 - RobotService - INFO -  Movimento: smart_correction
2025-07-31 11:50:40,635 - RobotService - INFO -  Movimento concluído - smart_correction
2025-07-31 11:50:40,637 - RobotService - INFO -  Movimento: smart_correction
2025-07-31 11:50:40,672 - RobotService - ERROR -  Movimento falhou - smart_correction
2025-07-31 11:50:40,672 - TapatanOrchestrator - ERROR - Falha ao testar posição 8
2025-07-31 11:50:40,674 - TapatanOrchestrator - INFO - Orquestrador inicializado com sucesso!
2025-07-31 11:52:15,943 - TapatanOrchestrator - INFO - Finalizando orquestrador...
2025-07-31 11:52:15,943 - RobotService - INFO -  Movendo para posição home
2025-07-31 11:52:15,943 - RobotService - INFO -  Movimento: ultra_safe
2025-07-31 11:52:20,282 - RobotService - INFO -  Movimento concluído - ultra_safe
2025-07-31 11:52:21,304 - RobotService - INFO -  Robô desconectado
2025-07-31 11:52:21,305 - TapatanOrchestrator - INFO - Orquestrador finalizado
2025-07-31 11:52:23,397 - TapatanOrchestrator - INFO - Iniciando orquestrador Tapatan...
2025-07-31 11:52:23,401 - RobotService - INFO -  Conectando ao robô em 10.1.5.92...
2025-07-31 11:52:24,040 - RobotService - INFO -  Robô conectado com sucesso
2025-07-31 11:52:24,040 - RobotService - INFO -  Modo de segurança: HABILITADO
2025-07-31 11:52:24,040 - RobotService - INFO -  Movendo para posição home
2025-07-31 11:52:24,040 - RobotService - INFO -  Movimento: ultra_safe
2025-07-31 11:52:25,064 - RobotService - INFO -  Movimento concluído - ultra_safe
2025-07-31 11:52:25,064 - TapatanOrchestrator - INFO - Robô inicializado e em posição home
2025-07-31 11:52:25,064 - TapatanOrchestrator - INFO - Coordenadas carregadas: 9 posições
2025-07-31 11:52:25,064 - TapatanOrchestrator - INFO - Iniciando calibração do sistema...
2025-07-31 11:52:25,065 - RobotService - INFO -  Movendo para posição home
2025-07-31 11:52:25,065 - RobotService - INFO -  Movimento: ultra_safe
2025-07-31 11:52:26,080 - RobotService - INFO -  Movimento concluído - ultra_safe
2025-07-31 11:52:26,090 - RobotService - INFO -  Movimento: smart_correction
2025-07-31 11:52:31,761 - RobotService - INFO -  Movimento concluído - smart_correction
2025-07-31 11:52:31,765 - RobotService - INFO -  Movimento: smart_correction
2025-07-31 11:52:39,132 - RobotService - INFO -  Movimento concluído - smart_correction
2025-07-31 11:52:39,135 - RobotService - INFO -  Movimento: smart_correction
2025-07-31 11:52:39,207 - RobotService - ERROR -  Movimento falhou - smart_correction
2025-07-31 11:52:39,207 - TapatanOrchestrator - ERROR - Falha ao testar posição 8
2025-07-31 11:52:39,210 - TapatanOrchestrator - INFO - Orquestrador inicializado com sucesso!
2025-07-31 11:53:17,406 - TapatanOrchestrator - INFO - Finalizando orquestrador...
2025-07-31 11:53:17,407 - RobotService - INFO -  Movendo para posição home
2025-07-31 11:53:17,407 - RobotService - INFO -  Movimento: ultra_safe
2025-07-31 11:53:21,910 - RobotService - INFO -  Movimento concluído - ultra_safe
2025-07-31 11:53:22,930 - RobotService - INFO -  Robô desconectado
2025-07-31 11:53:22,930 - TapatanOrchestrator - INFO - Orquestrador finalizado
2025-07-31 11:53:35,146 - TapatanOrchestrator - INFO - Iniciando orquestrador Tapatan...
2025-07-31 11:53:35,149 - RobotService - INFO -  Conectando ao robô em 10.1.5.92...
2025-07-31 11:53:36,383 - RobotService - INFO -  Robô conectado com sucesso
2025-07-31 11:53:36,383 - RobotService - INFO -  Modo de segurança: HABILITADO
2025-07-31 11:53:36,383 - RobotService - INFO -  Movendo para posição home
2025-07-31 11:53:36,383 - RobotService - INFO -  Movimento: ultra_safe
2025-07-31 11:53:37,414 - RobotService - INFO -  Movimento concluído - ultra_safe
2025-07-31 11:53:37,414 - TapatanOrchestrator - INFO - Robô inicializado e em posição home
2025-07-31 11:53:37,414 - TapatanOrchestrator - INFO - Coordenadas carregadas: 9 posições
2025-07-31 11:53:37,415 - TapatanOrchestrator - INFO - Iniciando calibração do sistema...
2025-07-31 11:53:37,415 - RobotService - INFO -  Movendo para posição home
2025-07-31 11:53:37,415 - RobotService - INFO -  Movimento: ultra_safe
2025-07-31 11:53:38,435 - RobotService - INFO -  Movimento concluído - ultra_safe
2025-07-31 11:53:38,445 - RobotService - INFO -  Movimento: smart_correction
2025-07-31 11:53:43,813 - RobotService - INFO -  Movimento concluído - smart_correction
2025-07-31 11:53:43,817 - RobotService - INFO -  Movimento: smart_correction
2025-07-31 11:53:47,622 - RobotService - INFO -  Movimento concluído - smart_correction
2025-07-31 11:53:47,625 - RobotService - INFO -  Movimento: smart_correction
2025-07-31 11:53:47,647 - RobotService - ERROR -  Movimento falhou - smart_correction
2025-07-31 11:53:47,647 - TapatanOrchestrator - ERROR - Falha ao testar posição 8
2025-07-31 11:53:47,647 - TapatanOrchestrator - WARNING - Calibração automática falhou, continuando...
2025-07-31 11:53:47,647 - TapatanOrchestrator - INFO - Orquestrador inicializado com sucesso!
2025-07-31 11:59:04,020 - TapatanOrchestrator - INFO - Finalizando orquestrador...
2025-07-31 11:59:04,020 - RobotService - INFO -  Movendo para posição home
2025-07-31 11:59:04,021 - RobotService - INFO -  Movimento: ultra_safe
2025-07-31 11:59:08,855 - RobotService - INFO -  Movimento concluído - ultra_safe
2025-07-31 11:59:09,880 - RobotService - INFO -  Robô desconectado
2025-07-31 11:59:09,880 - TapatanOrchestrator - INFO - Orquestrador finalizado
2025-07-31 11:59:13,063 - TapatanOrchestrator - INFO - Iniciando orquestrador Tapatan...
2025-07-31 11:59:13,066 - RobotService - INFO -  Conectando ao robô em 10.1.4.122...
2025-07-31 11:59:15,070 - RobotService - ERROR -  Erro ao conectar: Timeout connecting to UR dashboard server.
2025-07-31 11:59:15,070 - TapatanOrchestrator - ERROR - Falha ao conectar com o robô
2025-07-31 12:02:31,305 - TapatanOrchestrator - INFO - Iniciando orquestrador Tapatan...
2025-07-31 12:02:31,308 - RobotService - INFO -  Conectando ao robô em 10.1.5.92...
2025-07-31 12:02:32,006 - RobotService - INFO -  Robô conectado com sucesso
2025-07-31 12:02:32,007 - RobotService - INFO -  Modo de segurança: HABILITADO
2025-07-31 12:02:32,007 - RobotService - INFO -  Movendo para posição home
2025-07-31 12:02:33,049 - TapatanOrchestrator - INFO - Robô inicializado e em posição home
2025-07-31 12:02:33,049 - TapatanOrchestrator - ERROR - Erro ao carregar coordenadas: 'TapatanOrchestrator' object has no attribute '_configurar_deposito_pecas'
2025-07-31 12:03:04,504 - TapatanOrchestrator - INFO - Iniciando orquestrador Tapatan...
2025-07-31 12:03:04,507 - RobotService - INFO -  Conectando ao robô em 10.1.5.92...
2025-07-31 12:03:05,439 - RobotService - INFO -  Robô conectado com sucesso
2025-07-31 12:03:05,439 - RobotService - INFO -  Modo de segurança: HABILITADO
2025-07-31 12:03:05,439 - RobotService - INFO -  Movendo para posição home
2025-07-31 12:03:06,471 - TapatanOrchestrator - INFO - Robô inicializado e em posição home
2025-07-31 12:03:06,472 - TapatanOrchestrator - INFO - Coordenadas carregadas: 9 posições
2025-07-31 12:03:06,472 - TapatanOrchestrator - INFO - Orquestrador inicializado com sucesso!
2025-07-31 12:04:03,694 - TapatanOrchestrator - INFO - Finalizando orquestrador...
2025-07-31 12:04:03,694 - RobotService - INFO -  Movendo para posição home
2025-07-31 12:04:05,730 - RobotService - INFO -  Robô desconectado
2025-07-31 12:04:05,730 - TapatanOrchestrator - INFO - Orquestrador finalizado
2025-07-31 12:04:25,481 - TapatanOrchestrator - INFO - Iniciando orquestrador Tapatan...
2025-07-31 12:04:25,485 - RobotService - INFO -  Conectando ao robô em 10.1.5.92...
2025-07-31 12:04:26,323 - RobotService - INFO -  Robô conectado com sucesso
2025-07-31 12:04:26,323 - RobotService - INFO -  Modo de segurança: HABILITADO
2025-07-31 12:04:26,323 - RobotService - INFO -  Movendo para posição home
2025-07-31 12:04:27,348 - RobotService - INFO - Movimento concluído - ultra_safe
2025-07-31 12:04:27,348 - TapatanOrchestrator - INFO - Robô inicializado e em posição home
2025-07-31 12:04:27,348 - TapatanOrchestrator - INFO - Coordenadas carregadas: 9 posições
2025-07-31 12:04:27,348 - TapatanOrchestrator - INFO - Orquestrador inicializado com sucesso!
2025-07-31 12:04:34,358 - TapatanOrchestrator - INFO - Iniciando calibração do sistema...
2025-07-31 12:04:34,359 - RobotService - INFO -  Movendo para posição home
2025-07-31 12:04:35,378 - RobotService - INFO - Movimento concluído - ultra_safe
2025-07-31 12:04:40,128 - RobotService - INFO - Movimento concluído - smart_correction
2025-07-31 12:04:43,623 - RobotService - INFO - Movimento concluído - smart_correction
2025-07-31 12:04:43,652 - RobotService - ERROR -  Movimento falhou - smart_correction
2025-07-31 12:04:43,652 - TapatanOrchestrator - ERROR - Falha ao testar posição 8
2025-07-31 12:05:24,435 - TapatanOrchestrator - INFO - Finalizando orquestrador...
2025-07-31 12:05:24,435 - RobotService - INFO -  Movendo para posição home
2025-07-31 12:05:28,307 - RobotService - INFO - Movimento concluído - ultra_safe
2025-07-31 12:05:33,096 - TapatanOrchestrator - INFO - Iniciando orquestrador Tapatan...
2025-07-31 12:05:33,099 - RobotService - INFO -  Conectando ao robô em 10.1.5.92...
2025-07-31 12:05:34,316 - RobotService - INFO -  Robô conectado com sucesso
2025-07-31 12:05:34,316 - RobotService - INFO -  Modo de segurança: HABILITADO
2025-07-31 12:05:34,316 - RobotService - INFO -  Movendo para posição home
2025-07-31 12:05:34,316 - RobotService - INFO -  Movimento: ultra_safe
2025-07-31 12:05:35,334 - RobotService - INFO - Movimento concluído - ultra_safe
2025-07-31 12:05:35,334 - TapatanOrchestrator - INFO - Robô inicializado e em posição home
2025-07-31 12:05:35,334 - TapatanOrchestrator - INFO - Coordenadas carregadas: 9 posições
2025-07-31 12:05:35,334 - TapatanOrchestrator - INFO - Orquestrador inicializado com sucesso!
2025-07-31 12:05:42,929 - TapatanOrchestrator - INFO - Iniciando calibração do sistema...
2025-07-31 12:05:42,929 - RobotService - INFO -  Movendo para posição home
2025-07-31 12:05:42,931 - RobotService - INFO -  Movimento: ultra_safe
2025-07-31 12:05:43,946 - RobotService - INFO - Movimento concluído - ultra_safe
2025-07-31 12:05:43,961 - RobotService - INFO -  Movimento: smart_correction
2025-07-31 12:05:48,796 - RobotService - INFO - Movimento concluído - smart_correction
2025-07-31 12:05:48,798 - RobotService - INFO -  Movimento: smart_correction
2025-07-31 12:05:52,178 - RobotService - INFO - Movimento concluído - smart_correction
2025-07-31 12:05:52,180 - RobotService - INFO -  Movimento: smart_correction
2025-07-31 12:05:52,202 - RobotService - ERROR -  Movimento falhou - smart_correction
2025-07-31 12:05:52,203 - TapatanOrchestrator - ERROR - Falha ao testar posição 8
2025-07-31 12:06:12,697 - TapatanOrchestrator - INFO - Finalizando orquestrador...
2025-07-31 12:06:12,697 - RobotService - INFO -  Movendo para posição home
2025-07-31 12:06:12,697 - RobotService - INFO -  Movimento: ultra_safe
2025-07-31 12:06:16,977 - RobotService - INFO - Movimento concluído - ultra_safe
2025-07-31 12:06:17,992 - RobotService - INFO -  Robô desconectado
2025-07-31 12:06:17,993 - TapatanOrchestrator - INFO - Orquestrador finalizado
2025-07-31 12:06:21,663 - TapatanOrchestrator - INFO - Iniciando orquestrador Tapatan...
2025-07-31 12:06:21,666 - RobotService - INFO -  Conectando ao robô em 10.1.5.92...
2025-07-31 12:06:22,344 - RobotService - INFO -  Robô conectado com sucesso
2025-07-31 12:06:22,344 - RobotService - INFO -  Modo de segurança: HABILITADO
2025-07-31 12:06:22,345 - RobotService - INFO -  Movendo para posição home
2025-07-31 12:06:22,345 - RobotService - INFO -  Movimento: ultra_safe
2025-07-31 12:06:23,367 - RobotService - INFO - Movimento concluído - ultra_safe
2025-07-31 12:06:23,367 - TapatanOrchestrator - INFO - Robô inicializado e em posição home
2025-07-31 12:06:23,367 - TapatanOrchestrator - INFO - Coordenadas carregadas: 9 posições
2025-07-31 12:06:23,367 - TapatanOrchestrator - INFO - Orquestrador inicializado com sucesso!
2025-07-31 12:06:40,852 - TapatanOrchestrator - INFO - Iniciando calibração do sistema...
2025-07-31 12:06:40,853 - RobotService - INFO -  Movendo para posição home
2025-07-31 12:06:40,853 - RobotService - INFO -  Movimento: ultra_safe
2025-07-31 12:06:41,866 - RobotService - INFO - Movimento concluído - ultra_safe
2025-07-31 12:06:41,875 - RobotService - INFO -  Movimento: smart_correction
2025-07-31 12:06:46,892 - RobotService - INFO - Movimento concluído - smart_correction
2025-07-31 12:06:46,894 - RobotService - INFO -  Movimento: smart_correction
2025-07-31 12:06:50,356 - RobotService - INFO - Movimento concluído - smart_correction
2025-07-31 12:06:50,358 - RobotService - INFO -  Movimento: smart_correction
2025-07-31 12:06:50,386 - RobotService - ERROR -  Movimento falhou - smart_correction
2025-07-31 12:06:50,387 - TapatanOrchestrator - ERROR - Falha ao testar posição 8
2025-07-31 12:09:11,869 - TapatanOrchestrator - INFO - Finalizando orquestrador...
2025-07-31 12:09:11,869 - RobotService - INFO -  Movendo para posição home
2025-07-31 12:09:11,869 - RobotService - INFO -  Movimento: ultra_safe
2025-07-31 12:09:15,761 - RobotService - INFO - Movimento concluído - ultra_safe
2025-07-31 12:09:16,776 - RobotService - INFO -  Robô desconectado
2025-07-31 12:09:16,776 - TapatanOrchestrator - INFO - Orquestrador finalizado
2025-07-31 12:09:19,657 - TapatanOrchestrator - INFO - Iniciando orquestrador Tapatan...
2025-07-31 12:09:19,659 - RobotService - INFO -  Conectando ao robô em 10.1.5.92...
2025-07-31 12:09:20,684 - RobotService - INFO -  Robô conectado com sucesso
2025-07-31 12:09:20,684 - RobotService - INFO -  Modo de segurança: HABILITADO
2025-07-31 12:09:20,685 - RobotService - INFO -  Movendo para posição home
2025-07-31 12:09:20,685 - RobotService - INFO -  Movimento: ultra_safe
2025-07-31 12:09:21,736 - RobotService - INFO - Movimento concluído - ultra_safe
2025-07-31 12:09:21,736 - TapatanOrchestrator - INFO - Robô inicializado e em posição home
2025-07-31 12:09:21,736 - TapatanOrchestrator - INFO - Coordenadas carregadas: 9 posições
2025-07-31 12:09:21,736 - TapatanOrchestrator - INFO - Orquestrador inicializado com sucesso!
2025-07-31 12:09:27,406 - TapatanOrchestrator - INFO - Iniciando calibração do sistema...
2025-07-31 12:09:27,407 - RobotService - INFO -  Movendo para posição home
2025-07-31 12:09:27,407 - RobotService - INFO -  Movimento: ultra_safe
2025-07-31 12:09:28,425 - RobotService - INFO - Movimento concluído - ultra_safe
2025-07-31 12:09:28,425 - RobotService - INFO - Pose corrigida para proteger ombro: Z 0.130 -> 0.420
2025-07-31 12:09:28,425 - RobotService - INFO -  Movimento: smart_correction
2025-07-31 12:09:33,149 - RobotService - INFO - Movimento concluído - smart_correction
2025-07-31 12:09:33,149 - RobotService - INFO - Pose corrigida para proteger ombro: Z 0.130 -> 0.420
2025-07-31 12:09:33,149 - RobotService - INFO -  Movimento: smart_correction
2025-07-31 12:09:36,541 - RobotService - INFO - Movimento concluído - smart_correction
2025-07-31 12:09:36,541 - RobotService - INFO - Pose corrigida para proteger ombro: Z 0.130 -> 0.420
2025-07-31 12:09:36,541 - RobotService - INFO -  Movimento: smart_correction
2025-07-31 12:09:36,571 - RobotService - ERROR -  Movimento falhou - smart_correction
2025-07-31 12:09:36,571 - TapatanOrchestrator - ERROR - Falha ao testar posição 8
2025-07-31 12:16:54,581 - TapatanOrchestrator - INFO - Finalizando orquestrador...
2025-07-31 12:16:54,581 - RobotService - INFO -  Movendo para posição home
2025-07-31 12:16:54,581 - RobotService - INFO -  Movimento: ultra_safe
2025-07-31 12:16:58,570 - RobotService - INFO - Movimento concluído - ultra_safe
2025-07-31 12:16:59,581 - RobotService - INFO -  Robô desconectado
2025-07-31 12:16:59,581 - TapatanOrchestrator - INFO - Orquestrador finalizado
2025-07-31 12:17:02,336 - TapatanOrchestrator - INFO - Iniciando orquestrador Tapatan...
2025-07-31 12:17:02,339 - RobotService - INFO -  Conectando ao robô em 10.1.5.92...
2025-07-31 12:17:03,220 - RobotService - INFO -  Robô conectado com sucesso
2025-07-31 12:17:03,220 - RobotService - INFO -  Modo de segurança: HABILITADO
2025-07-31 12:17:03,220 - RobotService - INFO -  Movendo para posição home
2025-07-31 12:17:03,220 - RobotService - INFO -  Movimento: ultra_safe
2025-07-31 12:17:04,228 - RobotService - INFO - Movimento concluído - ultra_safe
2025-07-31 12:17:04,228 - TapatanOrchestrator - INFO - Robô inicializado e em posição home
2025-07-31 12:17:04,229 - TapatanOrchestrator - INFO - Coordenadas carregadas: 9 posições
2025-07-31 12:17:04,229 - TapatanOrchestrator - INFO - Orquestrador inicializado com sucesso!
2025-07-31 12:17:09,063 - TapatanOrchestrator - INFO - Iniciando calibração do sistema...
2025-07-31 12:17:09,064 - RobotService - INFO -  Movendo para posição home
2025-07-31 12:17:09,065 - RobotService - INFO -  Movimento: ultra_safe
2025-07-31 12:17:10,073 - RobotService - INFO - Movimento concluído - ultra_safe
2025-07-31 12:17:10,073 - RobotService - INFO - Pose corrigida para proteger ombro: Z 0.130 -> 0.420
2025-07-31 12:17:10,073 - RobotService - INFO -  Movimento: smart_correction
2025-07-31 12:17:14,784 - RobotService - INFO - Movimento concluído - smart_correction
2025-07-31 12:17:14,784 - RobotService - INFO - Pose corrigida para proteger ombro: Z 0.130 -> 0.420
2025-07-31 12:17:14,784 - RobotService - INFO -  Movimento: smart_correction
2025-07-31 12:17:18,159 - RobotService - INFO - Movimento concluído - smart_correction
2025-07-31 12:17:18,159 - RobotService - INFO - Pose corrigida para proteger ombro: Z 0.130 -> 0.420
2025-07-31 12:17:18,159 - RobotService - INFO -  Movimento: smart_correction
2025-07-31 12:17:18,613 - RobotService - ERROR -  Movimento falhou - smart_correction
2025-07-31 12:17:18,613 - TapatanOrchestrator - ERROR - Falha ao testar posição 8
